<?xml version="1.0" encoding="UTF-8"?>
<!-- Generated by org.testng.reporters.JUnitReportReporter -->
<testsuite hostname="Madhav2706" failures="0" tests="1" name="Selenium.Framework.standalone" time="10.655" errors="0" timestamp="2024-06-27T18:39:06 IST" skipped="0">
  <testcase classname="Selenium.Framework.standalone" name="submitOrder" time="10.655"/>
</testsuite> <!-- Selenium.Framework.standalone -->
